----------

Mon Aug 15 2022 17:37:50 GMT+0200 (Mitteleuropäische Sommerzeit)

warning: LF will be replaced by CRLF in assets/bootstrap/css/bootstrap.min.css.
The file will have its original line endings in your working directory


----------

Mon Aug 15 2022 17:37:50 GMT+0200 (Mitteleuropäische Sommerzeit)

warning: LF will be replaced by CRLF in assets/bootstrap/js/bootstrap.min.js.
The file will have its original line endings in your working directory


----------

Mon Aug 15 2022 17:37:50 GMT+0200 (Mitteleuropäische Sommerzeit)

warning: LF will be replaced by CRLF in assets/css/untitled.css.
The file will have its original line endings in your working directory


----------

Mon Aug 15 2022 17:37:50 GMT+0200 (Mitteleuropäische Sommerzeit)

warning: LF will be replaced by CRLF in assets/fonts/font-awesome.min.css.
The file will have its original line endings in your working directory


----------

Mon Aug 15 2022 17:37:50 GMT+0200 (Mitteleuropäische Sommerzeit)

warning: LF will be replaced by CRLF in assets/fonts/fontawesome-webfont.svg.
The file will have its original line endings in your working directory


----------

Mon Aug 15 2022 17:37:50 GMT+0200 (Mitteleuropäische Sommerzeit)

warning: LF will be replaced by CRLF in index.html.
The file will have its original line endings in your working directory


----------

Mon Aug 15 2022 17:37:50 GMT+0200 (Mitteleuropäische Sommerzeit)

warning: LF will be replaced by CRLF in tools/index.html.
The file will have its original line endings in your working directory


----------

Mon Aug 15 2022 17:37:51 GMT+0200 (Mitteleuropäische Sommerzeit)

remote: This repository moved. Please use the new location:        
remote:   https://github.com/zLeqitEclipse/zleqiteclipse.github.io.git        


----------

Mon Aug 15 2022 17:37:52 GMT+0200 (Mitteleuropäische Sommerzeit)

To https://github.com/zleqiteclipse/zleqiteclipse.github.io
   f4b986e..7309368  main -> main


