----------

Mon Aug 15 2022 17:05:21 GMT+0200 (Mitteleuropäische Sommerzeit)

warning: LF will be replaced by CRLF in assets/bootstrap/css/bootstrap.min.css.
The file will have its original line endings in your working directory


----------

Mon Aug 15 2022 17:05:21 GMT+0200 (Mitteleuropäische Sommerzeit)

warning: LF will be replaced by CRLF in assets/bootstrap/js/bootstrap.min.js.
The file will have its original line endings in your working directory


----------

Mon Aug 15 2022 17:05:21 GMT+0200 (Mitteleuropäische Sommerzeit)

warning: LF will be replaced by CRLF in index.html.
The file will have its original line endings in your working directory


----------

Mon Aug 15 2022 17:05:21 GMT+0200 (Mitteleuropäische Sommerzeit)

warning: LF will be replaced by CRLF in assets/css/untitled.css.
The file will have its original line endings in your working directory


----------

Mon Aug 15 2022 17:05:21 GMT+0200 (Mitteleuropäische Sommerzeit)

warning: LF will be replaced by CRLF in assets/fonts/font-awesome.min.css.
The file will have its original line endings in your working directory


----------

Mon Aug 15 2022 17:05:21 GMT+0200 (Mitteleuropäische Sommerzeit)

warning: LF will be replaced by CRLF in assets/fonts/fontawesome-webfont.svg.
The file will have its original line endings in your working directory


----------

Mon Aug 15 2022 17:05:21 GMT+0200 (Mitteleuropäische Sommerzeit)

warning: LF will be replaced by CRLF in tools/impkWh/assets/bootstrap/css/bootstrap.min.css.
The file will have its original line endings in your working directory


----------

Mon Aug 15 2022 17:05:21 GMT+0200 (Mitteleuropäische Sommerzeit)

warning: LF will be replaced by CRLF in tools/impkWh/assets/bootstrap/js/bootstrap.min.js.
The file will have its original line endings in your working directory


----------

Mon Aug 15 2022 17:05:21 GMT+0200 (Mitteleuropäische Sommerzeit)

warning: LF will be replaced by CRLF in tools/impkWh/assets/css/Footer-Basic.css.
The file will have its original line endings in your working directory


----------

Mon Aug 15 2022 17:05:21 GMT+0200 (Mitteleuropäische Sommerzeit)

warning: LF will be replaced by CRLF in tools/impkWh/assets/fonts/fa-brands-400.svg.
The file will have its original line endings in your working directory


----------

Mon Aug 15 2022 17:05:21 GMT+0200 (Mitteleuropäische Sommerzeit)

warning: LF will be replaced by CRLF in tools/impkWh/assets/fonts/fa-regular-400.svg.
The file will have its original line endings in your working directory


----------

Mon Aug 15 2022 17:05:21 GMT+0200 (Mitteleuropäische Sommerzeit)

warning: LF will be replaced by CRLF in tools/impkWh/assets/fonts/fa-solid-900.svg.
The file will have its original line endings in your working directory


----------

Mon Aug 15 2022 17:05:21 GMT+0200 (Mitteleuropäische Sommerzeit)

warning: LF will be replaced by CRLF in tools/impkWh/assets/fonts/fontawesome-all.min.css.
The file will have its original line endings in your working directory


----------

Mon Aug 15 2022 17:05:21 GMT+0200 (Mitteleuropäische Sommerzeit)

warning: LF will be replaced by CRLF in tools/impkWh/index.html.
The file will have its original line endings in your working directory


----------

Mon Aug 15 2022 17:05:21 GMT+0200 (Mitteleuropäische Sommerzeit)

warning: LF will be replaced by CRLF in tools/index.html.
The file will have its original line endings in your working directory


----------

Mon Aug 15 2022 17:05:22 GMT+0200 (Mitteleuropäische Sommerzeit)

To https://github.com/zleqiteclipse/zleqiteclipse.github.io
 ! [rejected]        main -> main (fetch first)
error: failed to push some refs to 'https://github.com/zleqiteclipse/zleqiteclipse.github.io'


----------

Mon Aug 15 2022 17:05:22 GMT+0200 (Mitteleuropäische Sommerzeit)

hint: Updates were rejected because the remote contains work that you do
hint: not have locally. This is usually caused by another repository pushing
hint: to the same ref. You may want to first integrate the remote changes
hint: (e.g., 'git pull ...') before pushing again.
hint: See the 'Note about fast-forwards' in 'git push --help' for details.


